<?xml version="1.0" encoding="UTF-8" ?>
<testsuite tests="12" failures="0" name="com.att.tta.rs.service.TeamUserServiceUnitTest" time="0.048" errors="0" skipped="0">
  <properties>
[...]
</properties>
  <testcase classname="com.att.tta.rs.service.TeamUserServiceUnitTest" name="testUpdateTeamUser" time="0"/>
  <testcase classname="com.att.tta.rs.service.TeamUserServiceUnitTest" name="testCreateTeamUser" time="0"/>
  <testcase classname="com.att.tta.rs.service.TeamUserServiceUnitTest" name="testUpdateNonExistTeamUser" time="0"/>
  <testcase classname="com.att.tta.rs.service.TeamUserServiceUnitTest" name="testFindTeamByUserName" time="0.006"/>
  <testcase classname="com.att.tta.rs.service.TeamUserServiceUnitTest" name="testFindByTeamName" time="0.005"/>
  <testcase classname="com.att.tta.rs.service.TeamUserServiceUnitTest" name="testCount" time="0.005"/>
  <testcase classname="com.att.tta.rs.service.TeamUserServiceUnitTest" name="testDeleteTeamUser" time="0.005"/>
  <testcase classname="com.att.tta.rs.service.TeamUserServiceUnitTest" name="testDuplicateCreateTeamUser" time="0.005"/>
  <testcase classname="com.att.tta.rs.service.TeamUserServiceUnitTest" name="testFindByUserName" time="0.005"/>
  <testcase classname="com.att.tta.rs.service.TeamUserServiceUnitTest" name="testFindByUserNameAndDefaultFlag" time="0.005"/>
  <testcase classname="com.att.tta.rs.service.TeamUserServiceUnitTest" name="testFindTeamByTeamName" time="0.006"/>
  <testcase classname="com.att.tta.rs.service.TeamUserServiceUnitTest" name="testfinaAll" time="0.006"/>
</testsuite>