GROUP,PACKAGE,CLASS,INSTRUCTION_MISSED,INSTRUCTION_COVERED,BRANCH_MISSED,BRANCH_COVERED,LINE_MISSED,LINE_COVERED,COMPLEXITY_MISSED,COMPLEXITY_COVERED,METHOD_MISSED,METHOD_COVERED
resiliency-studio-service,com.att.tta.rs,AppConfiguration,57,95,5,3,19,26,11,8,7,8
resiliency-studio-service,com.att.tta.rs,Application,14,3,0,0,3,1,2,1,2,1
resiliency-studio-service,com.att.tta.rs,SecurityConfig,0,37,0,0,0,9,0,4,0,4
resiliency-studio-service,com.att.tta.rs,SwaggerConfig,0,15,0,0,0,3,0,2,0,2
resiliency-studio-service,com.att.tta.rs,CorsFilterConfiguration,0,43,0,0,0,11,0,2,0,2
resiliency-studio-service,com.att.tta.rs,MvcConfig,0,36,0,0,0,4,0,2,0,2
resiliency-studio-service,com.att.tta.rs,CustomAuthenticationProvider,150,7,12,0,33,2,11,2,5,2
resiliency-studio-service,com.att.tta.rs,AuthenticationTokenFilter,100,7,12,0,29,2,10,2,4,2
resiliency-studio-service,com.att.tta.rs,JerseyConfiguration,0,26,0,0,0,8,0,2,0,2
resiliency-studio-service,com.att.tta.rs.service,FuelEnvDiscoveryServiceImpl,112,0,12,0,27,0,9,0,3,0
resiliency-studio-service,com.att.tta.rs.service,MonkeyStrategyServiceImpl,27,448,15,39,6,95,16,33,2,20
resiliency-studio-service,com.att.tta.rs.service,ApplicationServiceImpl,94,222,17,25,21,47,16,24,4,15
resiliency-studio-service,com.att.tta.rs.service,FailurePointServiceImpl,115,116,12,8,21,26,9,20,2,17
resiliency-studio-service,com.att.tta.rs.service,TeamUserServiceImpl,75,160,7,9,13,35,12,21,7,18
resiliency-studio-service,com.att.tta.rs.service,EventServiceImpl,0,122,0,6,0,25,0,16,0,13
resiliency-studio-service,com.att.tta.rs.service,ScenarioServiceImpl,148,534,18,34,32,108,17,35,2,24
resiliency-studio-service,com.att.tta.rs.model,EventJobDTO,263,0,14,0,101,0,67,0,60,0
resiliency-studio-service,com.att.tta.rs.model,FailurePoint,77,87,0,0,31,39,23,24,23,24
resiliency-studio-service,com.att.tta.rs.model,EventMonkeyStrategyDTO,66,0,0,0,28,0,19,0,19,0
resiliency-studio-service,com.att.tta.rs.model,EventStatus,39,89,6,0,6,6,7,2,4,2
resiliency-studio-service,com.att.tta.rs.model,FailurePointAdapter,0,10,0,0,0,4,0,3,0,3
resiliency-studio-service,com.att.tta.rs.model,HardwareDetails,38,0,0,0,16,0,11,0,11,0
resiliency-studio-service,com.att.tta.rs.model,MonitorElement,13,11,0,0,5,5,4,3,4,3
resiliency-studio-service,com.att.tta.rs.model,EventRecorder,46,69,0,0,15,27,10,17,10,17
resiliency-studio-service,com.att.tta.rs.model,ApplicationAdapter,10,0,0,0,4,0,3,0,3,0
resiliency-studio-service,com.att.tta.rs.model,EnvironmentDiscover,87,0,0,0,37,0,25,0,25,0
resiliency-studio-service,com.att.tta.rs.model,EventStatusUpdate,14,22,0,0,7,9,4,4,4,4
resiliency-studio-service,com.att.tta.rs.model,ScenarioMonkeyStrategy,27,32,0,0,11,14,8,9,8,9
resiliency-studio-service,com.att.tta.rs.model,MonkeyType,9,130,3,3,1,11,4,5,1,5
resiliency-studio-service,com.att.tta.rs.model,Server,118,63,8,0,42,29,32,17,28,17
resiliency-studio-service,com.att.tta.rs.model,MonkeyStrategy,61,68,0,0,27,28,17,20,17,20
resiliency-studio-service,com.att.tta.rs.model,FuelDiscover,3,0,0,0,2,0,1,0,1,0
resiliency-studio-service,com.att.tta.rs.model,TeamUser,21,35,0,0,2,15,2,10,2,10
resiliency-studio-service,com.att.tta.rs.model,Scenario,207,63,13,1,79,26,54,15,47,15
resiliency-studio-service,com.att.tta.rs.model,DiscoveryApiElement,6,11,0,0,2,5,2,3,2,3
resiliency-studio-service,com.att.tta.rs.model,ScenarioExecutionAdapter,17,0,0,0,7,0,5,0,5,0
resiliency-studio-service,com.att.tta.rs.model,ScenarioAdapter,0,10,0,0,0,4,0,3,0,3
resiliency-studio-service,com.att.tta.rs.model,LogElement,13,11,0,0,5,5,4,3,4,3
resiliency-studio-service,com.att.tta.rs.model,SoftwareComponent,0,17,0,0,0,7,0,5,0,5
resiliency-studio-service,com.att.tta.rs.model,Environment,76,17,8,0,26,7,17,5,13,5
resiliency-studio-service,com.att.tta.rs.model,Application,41,77,3,3,16,27,12,15,9,15
resiliency-studio-service,com.att.tta.rs.controller,EventRestController,94,489,11,27,13,90,9,24,0,14
resiliency-studio-service,com.att.tta.rs.controller,MonkeyStrategyRestController,32,930,14,50,5,154,14,34,0,16
resiliency-studio-service,com.att.tta.rs.controller,FailurePointRestController,0,576,4,30,0,94,4,25,0,12
resiliency-studio-service,com.att.tta.rs.controller,TeamUserController,0,164,2,10,0,33,2,9,0,5
resiliency-studio-service,com.att.tta.rs.controller,ApplicationRestController,280,692,35,33,48,109,24,26,3,13
resiliency-studio-service,com.att.tta.rs.controller,ScenarioRestController,2242,868,155,42,383,140,109,35,28,16
resiliency-studio-service,com.att.tta.rs.util,AppUtil.new AbstractModule() {...},17,0,0,0,4,0,2,0,2,0
resiliency-studio-service,com.att.tta.rs.util,MessageWrapper,30,24,0,0,14,7,6,3,6,3
resiliency-studio-service,com.att.tta.rs.util,AppUtil.new AbstractModule() {...},17,0,0,0,4,0,2,0,2,0
resiliency-studio-service,com.att.tta.rs.util,AppUtil,343,6,14,0,62,2,13,2,6,2
resiliency-studio-service,com.att.tta.rs.util,EUtil,109,0,4,0,16,0,8,0,6,0
